<?xml version="1.0" encoding="UTF-8"?>
<testng-results skipped="0" failed="0" ignored="0" total="1" passed="1">
  <reporter-output>
  </reporter-output>
  <suite name="Default suite" duration-ms="25" started-at="2023-12-24T13:14:06Z" finished-at="2023-12-24T13:14:06Z">
    <groups>
    </groups>
    <test name="Default test" duration-ms="25" started-at="2023-12-24T13:14:06Z" finished-at="2023-12-24T13:14:06Z">
      <class name="AppiumLearnings.MobileAutomation.AppiumBasics">
        <test-method status="PASS" signature="AppiumTest()[pri:0, instance:AppiumLearnings.MobileAutomation.AppiumBasics@161b062a]" name="AppiumTest" duration-ms="7" started-at="2023-12-24T13:14:06Z" finished-at="2023-12-24T13:14:06Z">
          <reporter-output>
          </reporter-output>
        </test-method> <!-- AppiumTest -->
      </class> <!-- AppiumLearnings.MobileAutomation.AppiumBasics -->
    </test> <!-- Default test -->
  </suite> <!-- Default suite -->
</testng-results>
